<?xml version="1.0" encoding="UTF-8"?>
<!-- Generated by org.testng.reporters.JUnitReportReporter -->
<testsuite skipped="0" hostname="HP" name="com.assertSample.demo" tests="1" failures="0" timestamp="2020-07-17T13:14:28 IST" time="0.010" errors="0">
  <testcase name="test" time="0.010" classname="com.assertSample.demo"/>
  <system-out/>
</testsuite> <!-- com.assertSample.demo -->
