<?xml version="1.0" encoding="UTF-8"?>
<!-- Generated by org.testng.reporters.JUnitReportReporter -->
<testsuite skipped="0" hostname="Shree" name="com.testngexample.s4" tests="3" failures="0" timestamp="2020-04-23T07:17:27 IST" time="0.031" errors="0">
  <testcase name="createAccount" time="0.016" classname="com.testngexample.s4"/>
  <testcase name="editAccount" time="0.000" classname="com.testngexample.s4"/>
  <testcase name="deleteAccount" time="0.015" classname="com.testngexample.s4"/>
</testsuite> <!-- com.testngexample.s4 -->
