<?xml version="1.0" encoding="UTF-8"?>
<!-- Generated by org.testng.reporters.JUnitReportReporter -->
<testsuite skipped="1" hostname="Shree" name="com.testngexample.Sample7" tests="3" failures="0" timestamp="2020-04-23T07:17:27 IST" time="0.000" errors="0">
  <testcase name="test3" time="0.000" classname="com.testngexample.Sample7"/>
  <testcase name="test1" time="0.000" classname="com.testngexample.Sample7"/>
  <testcase name="test2" classname="com.testngexample.Sample7">
    <skipped/>
  </testcase> <!-- test2 -->
</testsuite> <!-- com.testngexample.Sample7 -->
