<?xml version="1.0" encoding="UTF-8"?>
<!-- Generated by org.testng.reporters.JUnitReportReporter -->
<testsuite skipped="0" hostname="Shree" name="com.testngexample.Sample3" tests="3" failures="0" timestamp="2020-04-23T07:17:27 IST" time="0.016" errors="0">
  <testcase name="accountCreate" time="0.016" classname="com.testngexample.Sample3"/>
  <testcase name="accountDelete" time="0.000" classname="com.testngexample.Sample3"/>
  <testcase name="accountEdit" time="0.000" classname="com.testngexample.Sample3"/>
</testsuite> <!-- com.testngexample.Sample3 -->
