<?xml version="1.0" encoding="UTF-8"?>
<!-- Generated by org.testng.reporters.JUnitReportReporter -->
<testsuite skipped="0" hostname="HP" name="com.testngexample.Sample" tests="1" failures="0" timestamp="2020-10-18T11:12:00 IST" time="0.007" errors="0">
  <testcase name="test1" time="0.007" classname="com.testngexample.Sample"/>
  <system-out>
Welcome 

	To India  </system-out>
</testsuite> <!-- com.testngexample.Sample -->
