<?xml version="1.0" encoding="UTF-8"?>
<!-- Generated by org.testng.reporters.JUnitReportReporter -->
<testsuite skipped="0" hostname="Shree" name="com.testngexample.Sample4" tests="3" failures="0" timestamp="2020-04-23T07:17:27 IST" time="0.000" errors="0">
  <testcase name="c" time="0.000" classname="com.testngexample.Sample4"/>
  <testcase name="aab" time="0.000" classname="com.testngexample.Sample4"/>
  <testcase name="a" time="0.000" classname="com.testngexample.Sample4"/>
</testsuite> <!-- com.testngexample.Sample4 -->
